This is pdfTeX, Version 3.14159265-2.6-1.40.15 (TeX Live 2014) (preloaded format=pdflatex 2014.10.3)  14 MAY 2015 19:07
entering extended mode
 restricted \write18 enabled.
 file:line:error style messages enabled.
 %&-line parsing enabled.
**main.tex
(./main.tex
LaTeX2e <2014/05/01>
Babel <3.9k> and hyphenation patterns for 78 languages loaded.
(/usr/local/texlive/2014/texmf-dist/tex/latex/base/article.cls
Document Class: article 2007/10/19 v1.4h Standard LaTeX document class
(/usr/local/texlive/2014/texmf-dist/tex/latex/base/size10.clo
File: size10.clo 2007/10/19 v1.4h Standard LaTeX file (size option)
)
\c@part=\count79
\c@section=\count80
\c@subsection=\count81
\c@subsubsection=\count82
\c@paragraph=\count83
\c@subparagraph=\count84
\c@figure=\count85
\c@table=\count86
\abovecaptionskip=\skip41
\belowcaptionskip=\skip42
\bibindent=\dimen102
)
(/usr/local/texlive/2014/texmf-dist/tex/latex/base/inputenc.sty
Package: inputenc 2014/04/30 v1.2b Input encoding file
\inpenc@prehook=\toks14
\inpenc@posthook=\toks15

(/usr/local/texlive/2014/texmf-dist/tex/latex/base/utf8.def
File: utf8.def 2008/04/05 v1.1m UTF-8 support for inputenc
Now handling font encoding OML ...
... no UTF-8 mapping file for font encoding OML
Now handling font encoding T1 ...
... processing UTF-8 mapping file for font encoding T1

(/usr/local/texlive/2014/texmf-dist/tex/latex/base/t1enc.dfu
File: t1enc.dfu 2008/04/05 v1.1m UTF-8 support for inputenc
   defining Unicode char U+00A1 (decimal 161)
   defining Unicode char U+00A3 (decimal 163)
   defining Unicode char U+00AB (decimal 171)
   defining Unicode char U+00BB (decimal 187)
   defining Unicode char U+00BF (decimal 191)
   defining Unicode char U+00C0 (decimal 192)
   defining Unicode char U+00C1 (decimal 193)
   defining Unicode char U+00C2 (decimal 194)
   defining Unicode char U+00C3 (decimal 195)
   defining Unicode char U+00C4 (decimal 196)
   defining Unicode char U+00C5 (decimal 197)
   defining Unicode char U+00C6 (decimal 198)
   defining Unicode char U+00C7 (decimal 199)
   defining Unicode char U+00C8 (decimal 200)
   defining Unicode char U+00C9 (decimal 201)
   defining Unicode char U+00CA (decimal 202)
   defining Unicode char U+00CB (decimal 203)
   defining Unicode char U+00CC (decimal 204)
   defining Unicode char U+00CD (decimal 205)
   defining Unicode char U+00CE (decimal 206)
   defining Unicode char U+00CF (decimal 207)
   defining Unicode char U+00D0 (decimal 208)
   defining Unicode char U+00D1 (decimal 209)
   defining Unicode char U+00D2 (decimal 210)
   defining Unicode char U+00D3 (decimal 211)
   defining Unicode char U+00D4 (decimal 212)
   defining Unicode char U+00D5 (decimal 213)
   defining Unicode char U+00D6 (decimal 214)
   defining Unicode char U+00D8 (decimal 216)
   defining Unicode char U+00D9 (decimal 217)
   defining Unicode char U+00DA (decimal 218)
   defining Unicode char U+00DB (decimal 219)
   defining Unicode char U+00DC (decimal 220)
   defining Unicode char U+00DD (decimal 221)
   defining Unicode char U+00DE (decimal 222)
   defining Unicode char U+00DF (decimal 223)
   defining Unicode char U+00E0 (decimal 224)
   defining Unicode char U+00E1 (decimal 225)
   defining Unicode char U+00E2 (decimal 226)
   defining Unicode char U+00E3 (decimal 227)
   defining Unicode char U+00E4 (decimal 228)
   defining Unicode char U+00E5 (decimal 229)
   defining Unicode char U+00E6 (decimal 230)
   defining Unicode char U+00E7 (decimal 231)
   defining Unicode char U+00E8 (decimal 232)
   defining Unicode char U+00E9 (decimal 233)
   defining Unicode char U+00EA (decimal 234)
   defining Unicode char U+00EB (decimal 235)
   defining Unicode char U+00EC (decimal 236)
   defining Unicode char U+00ED (decimal 237)
   defining Unicode char U+00EE (decimal 238)
   defining Unicode char U+00EF (decimal 239)
   defining Unicode char U+00F0 (decimal 240)
   defining Unicode char U+00F1 (decimal 241)
   defining Unicode char U+00F2 (decimal 242)
   defining Unicode char U+00F3 (decimal 243)
   defining Unicode char U+00F4 (decimal 244)
   defining Unicode char U+00F5 (decimal 245)
   defining Unicode char U+00F6 (decimal 246)
   defining Unicode char U+00F8 (decimal 248)
   defining Unicode char U+00F9 (decimal 249)
   defining Unicode char U+00FA (decimal 250)
   defining Unicode char U+00FB (decimal 251)
   defining Unicode char U+00FC (decimal 252)
   defining Unicode char U+00FD (decimal 253)
   defining Unicode char U+00FE (decimal 254)
   defining Unicode char U+00FF (decimal 255)
   defining Unicode char U+0102 (decimal 258)
   defining Unicode char U+0103 (decimal 259)
   defining Unicode char U+0104 (decimal 260)
   defining Unicode char U+0105 (decimal 261)
   defining Unicode char U+0106 (decimal 262)
   defining Unicode char U+0107 (decimal 263)
   defining Unicode char U+010C (decimal 268)
   defining Unicode char U+010D (decimal 269)
   defining Unicode char U+010E (decimal 270)
   defining Unicode char U+010F (decimal 271)
   defining Unicode char U+0110 (decimal 272)
   defining Unicode char U+0111 (decimal 273)
   defining Unicode char U+0118 (decimal 280)
   defining Unicode char U+0119 (decimal 281)
   defining Unicode char U+011A (decimal 282)
   defining Unicode char U+011B (decimal 283)
   defining Unicode char U+011E (decimal 286)
   defining Unicode char U+011F (decimal 287)
   defining Unicode char U+0130 (decimal 304)
   defining Unicode char U+0131 (decimal 305)
   defining Unicode char U+0132 (decimal 306)
   defining Unicode char U+0133 (decimal 307)
   defining Unicode char U+0139 (decimal 313)
   defining Unicode char U+013A (decimal 314)
   defining Unicode char U+013D (decimal 317)
   defining Unicode char U+013E (decimal 318)
   defining Unicode char U+0141 (decimal 321)
   defining Unicode char U+0142 (decimal 322)
   defining Unicode char U+0143 (decimal 323)
   defining Unicode char U+0144 (decimal 324)
   defining Unicode char U+0147 (decimal 327)
   defining Unicode char U+0148 (decimal 328)
   defining Unicode char U+014A (decimal 330)
   defining Unicode char U+014B (decimal 331)
   defining Unicode char U+0150 (decimal 336)
   defining Unicode char U+0151 (decimal 337)
   defining Unicode char U+0152 (decimal 338)
   defining Unicode char U+0153 (decimal 339)
   defining Unicode char U+0154 (decimal 340)
   defining Unicode char U+0155 (decimal 341)
   defining Unicode char U+0158 (decimal 344)
   defining Unicode char U+0159 (decimal 345)
   defining Unicode char U+015A (decimal 346)
   defining Unicode char U+015B (decimal 347)
   defining Unicode char U+015E (decimal 350)
   defining Unicode char U+015F (decimal 351)
   defining Unicode char U+0160 (decimal 352)
   defining Unicode char U+0161 (decimal 353)
   defining Unicode char U+0162 (decimal 354)
   defining Unicode char U+0163 (decimal 355)
   defining Unicode char U+0164 (decimal 356)
   defining Unicode char U+0165 (decimal 357)
   defining Unicode char U+016E (decimal 366)
   defining Unicode char U+016F (decimal 367)
   defining Unicode char U+0170 (decimal 368)
   defining Unicode char U+0171 (decimal 369)
   defining Unicode char U+0178 (decimal 376)
   defining Unicode char U+0179 (decimal 377)
   defining Unicode char U+017A (decimal 378)
   defining Unicode char U+017B (decimal 379)
   defining Unicode char U+017C (decimal 380)
   defining Unicode char U+017D (decimal 381)
   defining Unicode char U+017E (decimal 382)
   defining Unicode char U+200C (decimal 8204)
   defining Unicode char U+2013 (decimal 8211)
   defining Unicode char U+2014 (decimal 8212)
   defining Unicode char U+2018 (decimal 8216)
   defining Unicode char U+2019 (decimal 8217)
   defining Unicode char U+201A (decimal 8218)
   defining Unicode char U+201C (decimal 8220)
   defining Unicode char U+201D (decimal 8221)
   defining Unicode char U+201E (decimal 8222)
   defining Unicode char U+2030 (decimal 8240)
   defining Unicode char U+2031 (decimal 8241)
   defining Unicode char U+2039 (decimal 8249)
   defining Unicode char U+203A (decimal 8250)
   defining Unicode char U+2423 (decimal 9251)
)
Now handling font encoding OT1 ...
... processing UTF-8 mapping file for font encoding OT1

(/usr/local/texlive/2014/texmf-dist/tex/latex/base/ot1enc.dfu
File: ot1enc.dfu 2008/04/05 v1.1m UTF-8 support for inputenc
   defining Unicode char U+00A1 (decimal 161)
   defining Unicode char U+00A3 (decimal 163)
   defining Unicode char U+00B8 (decimal 184)
   defining Unicode char U+00BF (decimal 191)
   defining Unicode char U+00C5 (decimal 197)
   defining Unicode char U+00C6 (decimal 198)
   defining Unicode char U+00D8 (decimal 216)
   defining Unicode char U+00DF (decimal 223)
   defining Unicode char U+00E6 (decimal 230)
   defining Unicode char U+00EC (decimal 236)
   defining Unicode char U+00ED (decimal 237)
   defining Unicode char U+00EE (decimal 238)
   defining Unicode char U+00EF (decimal 239)
   defining Unicode char U+00F8 (decimal 248)
   defining Unicode char U+0131 (decimal 305)
   defining Unicode char U+0141 (decimal 321)
   defining Unicode char U+0142 (decimal 322)
   defining Unicode char U+0152 (decimal 338)
   defining Unicode char U+0153 (decimal 339)
   defining Unicode char U+2013 (decimal 8211)
   defining Unicode char U+2014 (decimal 8212)
   defining Unicode char U+2018 (decimal 8216)
   defining Unicode char U+2019 (decimal 8217)
   defining Unicode char U+201C (decimal 8220)
   defining Unicode char U+201D (decimal 8221)
)
Now handling font encoding OMS ...
... processing UTF-8 mapping file for font encoding OMS

(/usr/local/texlive/2014/texmf-dist/tex/latex/base/omsenc.dfu
File: omsenc.dfu 2008/04/05 v1.1m UTF-8 support for inputenc
   defining Unicode char U+00A7 (decimal 167)
   defining Unicode char U+00B6 (decimal 182)
   defining Unicode char U+00B7 (decimal 183)
   defining Unicode char U+2020 (decimal 8224)
   defining Unicode char U+2021 (decimal 8225)
   defining Unicode char U+2022 (decimal 8226)
)
Now handling font encoding OMX ...
... no UTF-8 mapping file for font encoding OMX
Now handling font encoding U ...
... no UTF-8 mapping file for font encoding U
   defining Unicode char U+00A9 (decimal 169)
   defining Unicode char U+00AA (decimal 170)
   defining Unicode char U+00AE (decimal 174)
   defining Unicode char U+00BA (decimal 186)
   defining Unicode char U+02C6 (decimal 710)
   defining Unicode char U+02DC (decimal 732)
   defining Unicode char U+200C (decimal 8204)
   defining Unicode char U+2026 (decimal 8230)
   defining Unicode char U+2122 (decimal 8482)
   defining Unicode char U+2423 (decimal 9251)
))
(/usr/local/texlive/2014/texmf-dist/tex/latex/natbib/natbib.sty
Package: natbib 2010/09/13 8.31b (PWD, AO)
\bibhang=\skip43
\bibsep=\skip44
LaTeX Info: Redefining \cite on input line 694.
\c@NAT@ctr=\count87
)
(/usr/local/texlive/2014/texmf-dist/tex/latex/graphics/graphicx.sty
Package: graphicx 2014/04/25 v1.0g Enhanced LaTeX Graphics (DPC,SPQR)

(/usr/local/texlive/2014/texmf-dist/tex/latex/graphics/keyval.sty
Package: keyval 2014/05/08 v1.15 key=value parser (DPC)
\KV@toks@=\toks16
)
(/usr/local/texlive/2014/texmf-dist/tex/latex/graphics/graphics.sty
Package: graphics 2009/02/05 v1.0o Standard LaTeX Graphics (DPC,SPQR)

(/usr/local/texlive/2014/texmf-dist/tex/latex/graphics/trig.sty
Package: trig 1999/03/16 v1.09 sin cos tan (DPC)
)
(/usr/local/texlive/2014/texmf-dist/tex/latex/latexconfig/graphics.cfg
File: graphics.cfg 2010/04/23 v1.9 graphics configuration of TeX Live
)
Package graphics Info: Driver file: pdftex.def on input line 91.

(/usr/local/texlive/2014/texmf-dist/tex/latex/pdftex-def/pdftex.def
File: pdftex.def 2011/05/27 v0.06d Graphics/color for pdfTeX

(/usr/local/texlive/2014/texmf-dist/tex/generic/oberdiek/infwarerr.sty
Package: infwarerr 2010/04/08 v1.3 Providing info/warning/error messages (HO)
)
(/usr/local/texlive/2014/texmf-dist/tex/generic/oberdiek/ltxcmds.sty
Package: ltxcmds 2011/11/09 v1.22 LaTeX kernel commands for general use (HO)
)
\Gread@gobject=\count88
))
\Gin@req@height=\dimen103
\Gin@req@width=\dimen104
)
(/usr/local/texlive/2014/texmf-dist/tex/latex/lastpage/lastpage.sty
Package: lastpage 2013/01/28 v1.2l Refers to last page's name (HMM; JPG)
)
(/usr/local/texlive/2014/texmf-dist/tex/latex/xcolor/xcolor.sty
Package: xcolor 2007/01/21 v2.11 LaTeX color extensions (UK)

(/usr/local/texlive/2014/texmf-dist/tex/latex/latexconfig/color.cfg
File: color.cfg 2007/01/18 v1.5 color configuration of teTeX/TeXLive
)
Package xcolor Info: Driver file: pdftex.def on input line 225.

(/usr/local/texlive/2014/texmf-dist/tex/latex/colortbl/colortbl.sty
Package: colortbl 2012/02/13 v1.0a Color table columns (DPC)

(/usr/local/texlive/2014/texmf-dist/tex/latex/tools/array.sty
Package: array 2008/09/09 v2.4c Tabular extension package (FMi)
\col@sep=\dimen105
\extrarowheight=\dimen106
\NC@list=\toks17
\extratabsurround=\skip45
\backup@length=\skip46
)
\everycr=\toks18
\minrowclearance=\skip47
)
\rownum=\count89
Package xcolor Info: Model `cmy' substituted by `cmy0' on input line 1337.
Package xcolor Info: Model `hsb' substituted by `rgb' on input line 1341.
Package xcolor Info: Model `RGB' extended on input line 1353.
Package xcolor Info: Model `HTML' substituted by `rgb' on input line 1355.
Package xcolor Info: Model `Hsb' substituted by `hsb' on input line 1356.
Package xcolor Info: Model `tHsb' substituted by `hsb' on input line 1357.
Package xcolor Info: Model `HSB' substituted by `hsb' on input line 1358.
Package xcolor Info: Model `Gray' substituted by `gray' on input line 1359.
Package xcolor Info: Model `wave' substituted by `hsb' on input line 1360.
)
(/usr/local/texlive/2014/texmf-dist/tex/latex/lipsum/lipsum.sty
Package: lipsum 2011/04/14 v1.2 150 paragraphs of Lorem Ipsum dummy text
\c@lips@count=\count90
)
(/usr/local/texlive/2014/texmf-dist/tex/latex/base/fontenc.sty
Package: fontenc 2005/09/27 v1.99g Standard LaTeX package

(/usr/local/texlive/2014/texmf-dist/tex/latex/base/t1enc.def
File: t1enc.def 2005/09/27 v1.99g Standard LaTeX file
LaTeX Font Info:    Redeclaring font encoding T1 on input line 43.
))
(/usr/local/texlive/2014/texmf-dist/tex/latex/fancyhdr/fancyhdr.sty
\fancy@headwidth=\skip48
\f@ncyO@elh=\skip49
\f@ncyO@erh=\skip50
\f@ncyO@olh=\skip51
\f@ncyO@orh=\skip52
\f@ncyO@elf=\skip53
\f@ncyO@erf=\skip54
\f@ncyO@olf=\skip55
\f@ncyO@orf=\skip56
)
(/usr/local/texlive/2014/texmf-dist/tex/latex/url/url.sty
\Urlmuskip=\muskip10
Package: url 2013/09/16  ver 3.4  Verb mode for urls, etc.
)
(/usr/local/texlive/2014/texmf-dist/tex/generic/babel/babel.sty
Package: babel 2014/03/24 3.9k The Babel package

(/usr/local/texlive/2014/texmf-dist/tex/generic/babel-dutch/dutch.ldf
Language: dutch 2005/03/30 v3.8i Dutch support from the babel system

(/usr/local/texlive/2014/texmf-dist/tex/generic/babel/babel.def
File: babel.def 2014/03/24 3.9k Babel common definitions
\babel@savecnt=\count91
\U@D=\dimen107
)
Package babel Info: Making " an active character on input line 132.
))
(/usr/local/texlive/2014/texmf-dist/tex/latex/mdwtools/footnote.sty
Package: footnote 1997/01/28 1.13 Save footnotes around boxes
\fn@notes=\box26
\fn@width=\dimen108
)
(/usr/local/texlive/2014/texmf-dist/tex/latex/tools/tabularx.sty
Package: tabularx 2014/05/13 v2.10 `tabularx' package (DPC)
\TX@col@width=\dimen109
\TX@old@table=\dimen110
\TX@old@col=\dimen111
\TX@target=\dimen112
\TX@delta=\dimen113
\TX@cols=\count92
\TX@ftn=\toks19
)
(/usr/local/texlive/2014/texmf-dist/tex/latex/enumitem/enumitem.sty
Package: enumitem 2011/09/28 v3.5.2 Customized lists
\labelindent=\skip57
\enit@outerparindent=\dimen114
\enit@toks=\toks20
\enit@inbox=\box27
\enitdp@description=\count93
)
(./main.aux)
\openout1 = `main.aux'.

LaTeX Font Info:    Checking defaults for OML/cmm/m/it on input line 40.
LaTeX Font Info:    ... okay on input line 40.
LaTeX Font Info:    Checking defaults for T1/cmr/m/n on input line 40.
LaTeX Font Info:    ... okay on input line 40.
LaTeX Font Info:    Checking defaults for OT1/cmr/m/n on input line 40.
LaTeX Font Info:    ... okay on input line 40.
LaTeX Font Info:    Checking defaults for OMS/cmsy/m/n on input line 40.
LaTeX Font Info:    ... okay on input line 40.
LaTeX Font Info:    Checking defaults for OMX/cmex/m/n on input line 40.
LaTeX Font Info:    ... okay on input line 40.
LaTeX Font Info:    Checking defaults for U/cmr/m/n on input line 40.
LaTeX Font Info:    ... okay on input line 40.
 (/usr/local/texlive/2014/texmf-dist/tex/context/base/supp-pdf.mkii
[Loading MPS to PDF converter (version 2006.09.02).]
\scratchcounter=\count94
\scratchdimen=\dimen115
\scratchbox=\box28
\nofMPsegments=\count95
\nofMParguments=\count96
\everyMPshowfont=\toks21
\MPscratchCnt=\count97
\MPscratchDim=\dimen116
\MPnumerator=\count98
\makeMPintoPDFobject=\count99
\everyMPtoPDFconversion=\toks22
) (/usr/local/texlive/2014/texmf-dist/tex/generic/oberdiek/pdftexcmds.sty
Package: pdftexcmds 2011/11/29 v0.20 Utility functions of pdfTeX for LuaTeX (HO
)

(/usr/local/texlive/2014/texmf-dist/tex/generic/oberdiek/ifluatex.sty
Package: ifluatex 2010/03/01 v1.3 Provides the ifluatex switch (HO)
Package ifluatex Info: LuaTeX not detected.
)
(/usr/local/texlive/2014/texmf-dist/tex/generic/oberdiek/ifpdf.sty
Package: ifpdf 2011/01/30 v2.3 Provides the ifpdf switch (HO)
Package ifpdf Info: pdfTeX in PDF mode is detected.
)
Package pdftexcmds Info: LuaTeX not detected.
Package pdftexcmds Info: \pdf@primitive is available.
Package pdftexcmds Info: \pdf@ifprimitive is available.
Package pdftexcmds Info: \pdfdraftmode found.
)
(/usr/local/texlive/2014/texmf-dist/tex/latex/oberdiek/epstopdf-base.sty
Package: epstopdf-base 2010/02/09 v2.5 Base part for package epstopdf

(/usr/local/texlive/2014/texmf-dist/tex/latex/oberdiek/grfext.sty
Package: grfext 2010/08/19 v1.1 Manage graphics extensions (HO)

(/usr/local/texlive/2014/texmf-dist/tex/generic/oberdiek/kvdefinekeys.sty
Package: kvdefinekeys 2011/04/07 v1.3 Define keys (HO)
))
(/usr/local/texlive/2014/texmf-dist/tex/latex/oberdiek/kvoptions.sty
Package: kvoptions 2011/06/30 v3.11 Key value format for package options (HO)

(/usr/local/texlive/2014/texmf-dist/tex/generic/oberdiek/kvsetkeys.sty
Package: kvsetkeys 2012/04/25 v1.16 Key value parser (HO)

(/usr/local/texlive/2014/texmf-dist/tex/generic/oberdiek/etexcmds.sty
Package: etexcmds 2011/02/16 v1.5 Avoid name clashes with e-TeX commands (HO)
Package etexcmds Info: Could not find \expanded.
(etexcmds)             That can mean that you are not using pdfTeX 1.50 or
(etexcmds)             that some package has redefined \expanded.
(etexcmds)             In the latter case, load this package earlier.
)))
Package grfext Info: Graphics extension search list:
(grfext)             [.png,.pdf,.jpg,.mps,.jpeg,.jbig2,.jb2,.PNG,.PDF,.JPG,.JPE
G,.JBIG2,.JB2,.eps]
(grfext)             \AppendGraphicsExtensions on input line 452.

(/usr/local/texlive/2014/texmf-dist/tex/latex/latexconfig/epstopdf-sys.cfg
File: epstopdf-sys.cfg 2010/07/13 v1.3 Configuration of (r)epstopdf for TeX Liv
e
))
Package lastpage Info: Please have a look at the pageslts package at
(lastpage)             http://www.ctan.org/tex-archive/ 
(lastpage)             macros/latex/contrib/pageslts/ 
(lastpage)             or
(lastpage)             http://www.ctan.org/tex-archive/ 
(lastpage)             install/macros/latex/contrib/pageslts.tds.zip
(lastpage)             ! on input line 40.

(./title_page.tex <Logo.png, id=1, 695.2374pt x 174.6525pt>
File: Logo.png Graphic file (type png)
 <use Logo.png>
Package pdftex.def Info: Logo.png used on input line 10.
(pdftex.def)             Requested size: 417.14565pt x 104.7923pt.

Overfull \hbox (72.14565pt too wide) in paragraph at lines 10--10
 [] 
 []

<VUB_schild.pdf, id=3, 260.975pt x 259.97125pt>
File: VUB_schild.pdf Graphic file (type pdf)
 <use VUB_schild.pdf>
Package pdftex.def Info: VUB_schild.pdf used on input line 48.
(pdftex.def)             Requested size: 104.38815pt x 103.98665pt.
 [1

{/usr/local/texlive/2014/texmf-var/fonts/map/pdftex/updmap/pdftex.map} <./Logo.
png> <./VUB_schild.pdf>] <Small_Logo.png, id=17, 176.0979pt x 174.6525pt>
File: Small_Logo.png Graphic file (type png)

<use Small_Logo.png>
Package pdftex.def Info: Small_Logo.png used on input line 53.
(pdftex.def)             Requested size: 37.29333pt x 36.98866pt.
 [2 <./Small_Logo.png>]) (./change_history.tex
LaTeX Font Info:    External font `cmex10' loaded for size
(Font)              <7> on input line 8.
LaTeX Font Info:    External font `cmex10' loaded for size
(Font)              <5> on input line 8.
LaTeX Font Info:    External font `cmex10' loaded for size
(Font)              <8> on input line 10.
LaTeX Font Info:    External font `cmex10' loaded for size
(Font)              <6> on input line 10.

Overfull \hbox (81.53333pt too wide) in paragraph at lines 8--57
 [] 
 []

File: Small_Logo.png Graphic file (type png)
<use Small_Logo.png>
Package pdftex.def Info: Small_Logo.png used on input line 60.
(pdftex.def)             Requested size: 37.29333pt x 36.98866pt.
 [1]) (./main.toc)
\tf@toc=\write3
\openout3 = `main.toc'.

File: Small_Logo.png Graphic file (type png)
 <use Small_Logo.png>
Package pdftex.def Info: Small_Logo.png used on input line 47.
(pdftex.def)             Requested size: 37.29333pt x 36.98866pt.
 [2]

Package natbib Warning: Citation `website:skribl' on page 3 undefined on input 
line 64.


Underfull \hbox (badness 10000) in paragraph at lines 60--65

 []


Underfull \hbox (badness 10000) in paragraph at lines 60--65

 []

File: Small_Logo.png Graphic file (type png)
<use Small_Logo.png>
Package pdftex.def Info: Small_Logo.png used on input line 72.
(pdftex.def)             Requested size: 37.29333pt x 36.98866pt.
 [3]
LaTeX Font Info:    Try loading font information for OMS+cmr on input line 72.

(/usr/local/texlive/2014/texmf-dist/tex/latex/base/omscmr.fd
File: omscmr.fd 1999/05/25 v2.5h Standard LaTeX font definitions
)
LaTeX Font Info:    Font shape `OMS/cmr/m/n' in size <10> not available
(Font)              Font shape `OMS/cmsy/m/n' tried instead on input line 72.


Package natbib Warning: Citation `Xtreport:organisatie' on page 4 undefined on 
input line 80.

<kalender.png, id=41, 674.52pt x 546.04pt>
File: kalender.png Graphic file (type png)
 <use kalender.png>
Package pdftex.def Info: kalender.png used on input line 84.
(pdftex.def)             Requested size: 341.43306pt x 276.40207pt.


Package natbib Warning: Citation `website:Cal-Poly' on page 4 undefined on inpu
t line 91.

File: Small_Logo.png Graphic file (type png)
<use Small_Logo.png>
Package pdftex.def Info: Small_Logo.png used on input line 92.
(pdftex.def)             Requested size: 37.29333pt x 36.98866pt.
 [4 <./kalender.png>]
File: Small_Logo.png Graphic file (type png)
 <use Small_Logo.png>
Package pdftex.def Info: Small_Logo.png used on input line 93.
(pdftex.def)             Requested size: 37.29333pt x 36.98866pt.
 [5]
No file main.bbl.
File: Small_Logo.png Graphic file (type png)
<use Small_Logo.png>
Package pdftex.def Info: Small_Logo.png used on input line 113.
(pdftex.def)             Requested size: 37.29333pt x 36.98866pt.
 [6

]

Package natbib Warning: Citation `website:agile-process' on page 7 undefined on
 input line 120.


Package natbib Warning: Citation `Xtreport:organisatie' on page 7 undefined on 
input line 127.


Package natbib Warning: Citation `Xtreport:organisatie' on page 7 undefined on 
input line 129.


Package natbib Warning: Citation `Xtreport:organisatie' on page 7 undefined on 
input line 129.

File: Small_Logo.png Graphic file (type png)
<use Small_Logo.png>
Package pdftex.def Info: Small_Logo.png used on input line 144.
(pdftex.def)             Requested size: 37.29333pt x 36.98866pt.
 [7

]
Underfull \hbox (badness 10000) in paragraph at lines 146--148

 []


Underfull \hbox (badness 10000) in paragraph at lines 146--148

 []

<gantt_cropped.png, id=57, 1213.53375pt x 281.05pt>
File: gantt_cropped.png Graphic file (type png)
 <use gantt_cropped.png>
Package pdftex.def Info: gantt_cropped.png used on input line 150.
(pdftex.def)             Requested size: 426.79134pt x 98.84499pt.

Overfull \hbox (81.79134pt too wide) in paragraph at lines 150--151
[][] 
 []


Overfull \hbox (67.91728pt too wide) in paragraph at lines 157--173
 [] 
 []

File: Small_Logo.png Graphic file (type png)
<use Small_Logo.png>
Package pdftex.def Info: Small_Logo.png used on input line 184.
(pdftex.def)             Requested size: 37.29333pt x 36.98866pt.
 [8 <./gantt_cropped.png>]
File: Small_Logo.png Graphic file (type png)
 <use Small_Logo.png>
Package pdftex.def Info: Small_Logo.png used on input line 229.
(pdftex.def)             Requested size: 37.29333pt x 36.98866pt.
 [9]
Underfull \hbox (badness 10000) in paragraph at lines 256--257

 []


Underfull \hbox (badness 10000) in paragraph at lines 258--259

 []

File: Small_Logo.png Graphic file (type png)
<use Small_Logo.png>
Package pdftex.def Info: Small_Logo.png used on input line 262.
(pdftex.def)             Requested size: 37.29333pt x 36.98866pt.
 [10]
Underfull \hbox (badness 10000) in paragraph at lines 334--335

 []

(./riskList.tex
File: Small_Logo.png Graphic file (type png)
 <use Small_Logo.png>
Package pdftex.def Info: Small_Logo.png used on input line 7.
(pdftex.def)             Requested size: 37.29333pt x 36.98866pt.
 [11

]
File: Small_Logo.png Graphic file (type png)
 <use Small_Logo.png>
Package pdftex.def Info: Small_Logo.png used on input line 38.
(pdftex.def)             Requested size: 37.29333pt x 36.98866pt.
 [12])
Underfull \hbox (badness 10000) in paragraph at lines 342--347

 []


Overfull \hbox (1.69925pt too wide) in paragraph at lines 348--349
[]\T1/cmr/m/n/10 micropresentaties (be-lich-ten de as-pec-ten van het ont-wik-k
e-lings-pro-ces waar-
 []


Underfull \hbox (badness 10000) in paragraph at lines 367--368

 []

File: Small_Logo.png Graphic file (type png)
<use Small_Logo.png>
Package pdftex.def Info: Small_Logo.png used on input line 370.
(pdftex.def)             Requested size: 37.29333pt x 36.98866pt.
 [13] <slack.png, id=80, 464.4853pt x 313.17pt>
File: slack.png Graphic file (type png)

<use slack.png>
Package pdftex.def Info: slack.png used on input line 374.
(pdftex.def)             Requested size: 142.26378pt x 95.92049pt.
File: Small_Logo.png Graphic file (type png)
 <use Small_Logo.png>
Package pdftex.def Info: Small_Logo.png used on input line 380.
(pdftex.def)             Requested size: 37.29333pt x 36.98866pt.
 [14 <./slack.png>]
<trello_logo.png, id=84, 301.125pt x 175.65625pt>
File: trello_logo.png Graphic file (type png)
 <use trello_logo.png>
Package pdftex.def Info: trello_logo.png used on input line 386.
(pdftex.def)             Requested size: 142.26378pt x 82.98996pt.
File: Small_Logo.png Graphic file (type png)

<use Small_Logo.png>
Package pdftex.def Info: Small_Logo.png used on input line 393.
(pdftex.def)             Requested size: 37.29333pt x 36.98866pt.
 [15

 <./trello_logo.png>]
<google_drive.jpg, id=89, 1204.5pt x 1204.5pt>
File: google_drive.jpg Graphic file (type jpg)
 <use google_drive.jpg>
Package pdftex.def Info: google_drive.jpg used on input line 399.
(pdftex.def)             Requested size: 142.26378pt x 142.25475pt.

<codeClimate.jpg, id=90, 412.54124pt x 123.46124pt>
File: codeClimate.jpg Graphic file (type jpg)
 <use codeClimate.jpg>
Package pdftex.def Info: codeClimate.jpg used on input line 410.
(pdftex.def)             Requested size: 142.26378pt x 42.57532pt.
File: Small_Logo.png Graphic file (type png)

<use Small_Logo.png>
Package pdftex.def Info: Small_Logo.png used on input line 416.
(pdftex.def)             Requested size: 37.29333pt x 36.98866pt.
 [16

 <./google_drive.jpg> <./codeClimate.jpg>]
Underfull \hbox (badness 10000) in paragraph at lines 425--433

 []


Underfull \hbox (badness 10000) in paragraph at lines 425--433

 []

File: Small_Logo.png Graphic file (type png)
<use Small_Logo.png>
Package pdftex.def Info: Small_Logo.png used on input line 443.
(pdftex.def)             Requested size: 37.29333pt x 36.98866pt.
 [17

]
Underfull \hbox (badness 10000) in paragraph at lines 447--448

 []


Underfull \hbox (badness 10000) in paragraph at lines 460--464

 []

<Gantt_S1_19nov.png, id=99, 1195.46625pt x 532.99126pt>
File: Gantt_S1_19nov.png Graphic file (type png)

<use Gantt_S1_19nov.png>
Package pdftex.def Info: Gantt_S1_19nov.png used on input line 474.
(pdftex.def)             Requested size: 478.17802pt x 213.19272pt.

Overfull \hbox (133.17802pt too wide) in paragraph at lines 474--475
 [][] 
 []


LaTeX Warning: `!h' float specifier changed to `!ht'.

File: Small_Logo.png Graphic file (type png)
<use Small_Logo.png>
Package pdftex.def Info: Small_Logo.png used on input line 484.
(pdftex.def)             Requested size: 37.29333pt x 36.98866pt.
 [18

]
<Gantt_S2_20nov.jpg, id=103, 1117.17375pt x 518.93875pt>
File: Gantt_S2_20nov.jpg Graphic file (type jpg)

<use Gantt_S2_20nov.jpg>
Package pdftex.def Info: Gantt_S2_20nov.jpg used on input line 490.
(pdftex.def)             Requested size: 446.86159pt x 207.57182pt.

Overfull \hbox (101.86159pt too wide) in paragraph at lines 490--491
 [][] 
 []


LaTeX Warning: `!h' float specifier changed to `!ht'.

<Gantt_S2_15dec.png, id=104, 1121.18875pt x 496.85625pt>
File: Gantt_S2_15dec.png Graphic file (type png)

<use Gantt_S2_15dec.png>
Package pdftex.def Info: Gantt_S2_15dec.png used on input line 499.
(pdftex.def)             Requested size: 448.46756pt x 198.73897pt.

Overfull \hbox (103.46756pt too wide) in paragraph at lines 499--500
 [][] 
 []


LaTeX Warning: `!h' float specifier changed to `!ht'.

File: Small_Logo.png Graphic file (type png)
<use Small_Logo.png>
Package pdftex.def Info: Small_Logo.png used on input line 504.
(pdftex.def)             Requested size: 37.29333pt x 36.98866pt.
 [19 <./Gantt_S1_19nov.png>]
File: Small_Logo.png Graphic file (type png)
 <use Small_Logo.png>
Package pdftex.def Info: Small_Logo.png used on input line 504.
(pdftex.def)             Requested size: 37.29333pt x 36.98866pt.
 [20 <./Gantt_S2_20nov.jpg> <./Gantt_S2_15dec.png>]
<Gantt_S3_2maart.png, id=112, 1110.1475pt x 505.89pt>
File: Gantt_S3_2maart.png Graphic file (type png)

<use Gantt_S3_2maart.png>
Package pdftex.def Info: Gantt_S3_2maart.png used on input line 511.
(pdftex.def)             Requested size: 444.05113pt x 202.3524pt.

Overfull \hbox (99.05113pt too wide) in paragraph at lines 511--512
 [][] 
 []


Underfull \hbox (badness 1127) in paragraph at lines 520--521
[]|\T1/cmr/bx/n/10 Reële duur aan
 []


Underfull \hbox (badness 2521) in paragraph at lines 522--522
[]|\T1/cmr/m/n/10 Taken al-ge-meen: plan-
 []


Underfull \hbox (badness 1694) in paragraph at lines 528--528
[]|\T1/cmr/m/n/10 2u per een-heid *
 []


Underfull \hbox (badness 5175) in paragraph at lines 528--528
\T1/cmr/m/n/10 aan-tal toe-ge-we-zen
 []


Underfull \hbox (badness 1668) in paragraph at lines 528--529
[]|$\OMS/cmsy/m/n/10 ^^F\OT1/cmr/m/n/10 100$\T1/cmr/m/n/10 u (im-ple-men-
 []


Overfull \hbox (74.88577pt too wide) in paragraph at lines 518--533
 [] 
 []


LaTeX Warning: `!h' float specifier changed to `!ht'.

<Toggl_Pie_S3.png, id=113, 357.335pt x 432.61626pt>
File: Toggl_Pie_S3.png Graphic file (type png)
 <use Toggl_Pie_S3.png>
Package pdftex.def Info: Toggl_Pie_S3.png used on input line 540.
(pdftex.def)             Requested size: 214.40265pt x 259.57176pt.


LaTeX Warning: `!h' float specifier changed to `!ht'.

File: Small_Logo.png Graphic file (type png)
<use Small_Logo.png>
Package pdftex.def Info: Small_Logo.png used on input line 546.
(pdftex.def)             Requested size: 37.29333pt x 36.98866pt.
 [21

 <./Gantt_S3_2maart.png>]
File: Small_Logo.png Graphic file (type png)
 <use Small_Logo.png>
Package pdftex.def Info: Small_Logo.png used on input line 546.
(pdftex.def)             Requested size: 37.29333pt x 36.98866pt.
 [22 <./Toggl_Pie_S3.png>]
Underfull \hbox (badness 1354) in paragraph at lines 719--719
[]\T1/cmr/m/n/10 Verdiepen be-staande func-ti-o-
 []


Underfull \hbox (badness 10000) in paragraph at lines 719--719
[]\T1/cmr/m/n/10 verdiepen func-ti-o-na-li-tei-ten:
 []

File: Small_Logo.png Graphic file (type png)
<use Small_Logo.png>
Package pdftex.def Info: Small_Logo.png used on input line 720.
(pdftex.def)             Requested size: 37.29333pt x 36.98866pt.
 [23

]
Overfull \vbox (51.82837pt too high) has occurred while \output is active []

File: Small_Logo.png Graphic file (type png)

<use Small_Logo.png>
Package pdftex.def Info: Small_Logo.png used on input line 720.
(pdftex.def)             Requested size: 37.29333pt x 36.98866pt.
 [24]
Overfull \vbox (78.14456pt too high) has occurred while \output is active []

File: Small_Logo.png Graphic file (type png)

<use Small_Logo.png>
Package pdftex.def Info: Small_Logo.png used on input line 886.
(pdftex.def)             Requested size: 37.29333pt x 36.98866pt.
 [25]
Underfull \hbox (badness 10000) in paragraph at lines 974--976

 []

<Toggl_screenshot_iteratie3.pdf, id=133, 1220.56pt x 771.88374pt>
File: Toggl_screenshot_iteratie3.pdf Graphic file (type pdf)

<use Toggl_screenshot_iteratie3.pdf>
Package pdftex.def Info: Toggl_screenshot_iteratie3.pdf used on input line 980.

(pdftex.def)             Requested size: 455.24408pt x 287.90099pt.

Overfull \hbox (110.24408pt too wide) in paragraph at lines 980--982
 [][] 
 []


LaTeX Warning: `!h' float specifier changed to `!ht'.

File: Small_Logo.png Graphic file (type png)
<use Small_Logo.png>
Package pdftex.def Info: Small_Logo.png used on input line 989.
(pdftex.def)             Requested size: 37.29333pt x 36.98866pt.
 [26]
File: Small_Logo.png Graphic file (type png)
 <use Small_Logo.png>
Package pdftex.def Info: Small_Logo.png used on input line 989.
(pdftex.def)             Requested size: 37.29333pt x 36.98866pt.
 [27 <./Toggl_screenshot_iteratie3.pdf>] <Gantt_S6_15mei.png, id=147, 821.0675p
t x 364.36125pt>
File: Gantt_S6_15mei.png Graphic file (type png)

<use Gantt_S6_15mei.png>
Package pdftex.def Info: Gantt_S6_15mei.png used on input line 995.
(pdftex.def)             Requested size: 426.79134pt x 189.3911pt.

Overfull \hbox (81.79134pt too wide) in paragraph at lines 995--997
 [][] 
 []


Underfull \hbox (badness 2547) in paragraph at lines 1161--1161
[]|\T1/cmr/m/n/12 Research, do-cu-men-ten, al-ge-
 []


Underfull \hbox (badness 4048) in paragraph at lines 1161--1161
[]\T1/cmr/m/n/12 overlopen do-cu-men-ten :
 []


Underfull \hbox (badness 2547) in paragraph at lines 1161--1161
[]|\T1/cmr/m/n/12 Research, do-cu-men-ten, al-ge-
 []

File: Small_Logo.png Graphic file (type png)
<use Small_Logo.png>
Package pdftex.def Info: Small_Logo.png used on input line 1162.
(pdftex.def)             Requested size: 37.29333pt x 36.98866pt.
 [28

 <./Gantt_S6_15mei.png>]
Overfull \vbox (83.91296pt too high) has occurred while \output is active []

File: Small_Logo.png Graphic file (type png)

<use Small_Logo.png>
Package pdftex.def Info: Small_Logo.png used on input line 1162.
(pdftex.def)             Requested size: 37.29333pt x 36.98866pt.
 [29]
Underfull \hbox (badness 2547) in paragraph at lines 1322--1322
[]|\T1/cmr/m/n/12 Research, do-cu-men-ten, al-ge-
 []


Underfull \hbox (badness 2547) in paragraph at lines 1322--1322
[]|\T1/cmr/m/n/12 Research, do-cu-men-ten, al-ge-
 []


Overfull \vbox (86.34341pt too high) has occurred while \output is active []

File: Small_Logo.png Graphic file (type png)

<use Small_Logo.png>
Package pdftex.def Info: Small_Logo.png used on input line 1323.
(pdftex.def)             Requested size: 37.29333pt x 36.98866pt.
 [30]
Underfull \hbox (badness 2547) in paragraph at lines 1406--1406
[]|\T1/cmr/m/n/12 Research, do-cu-men-ten, al-ge-
 []


Underfull \hbox (badness 10000) in paragraph at lines 1410--1412

 []

<toggl_tweede_semester.pdf, id=159, 1126.2075pt x 782.925pt>
File: toggl_tweede_semester.pdf Graphic file (type pdf)

<use toggl_tweede_semester.pdf>
Package pdftex.def Info: toggl_tweede_semester.pdf used on input line 1421.
(pdftex.def)             Requested size: 450.47502pt x 313.16446pt.

Overfull \hbox (105.47502pt too wide) in paragraph at lines 1421--1422
 [][] 
 []


LaTeX Warning: `!h' float specifier changed to `!ht'.


Package natbib Warning: There were undefined citations.


AED: lastpage setting LastPage
File: Small_Logo.png Graphic file (type png)
<use Small_Logo.png>
Package pdftex.def Info: Small_Logo.png used on input line 1439.
(pdftex.def)             Requested size: 37.29333pt x 36.98866pt.
 [31]
File: Small_Logo.png Graphic file (type png)
 <use Small_Logo.png>
Package pdftex.def Info: Small_Logo.png used on input line 1439.
(pdftex.def)             Requested size: 37.29333pt x 36.98866pt.
 [32 <./toggl_tweede_semester.pdf>] (./main.aux) ) 
Here is how much of TeX's memory you used:
 4165 strings out of 493117
 54517 string characters out of 6135433
 235435 words of memory out of 5000000
 7512 multiletter control sequences out of 15000+600000
 21292 words of font info for 43 fonts, out of 8000000 for 9000
 1141 hyphenation exceptions out of 8191
 41i,15n,43p,1432b,452s stack positions out of 5000i,500n,10000p,200000b,80000s
{/usr/local/texlive/2014/texm
f-dist/fonts/enc/dvips/cm-super/cm-super-t1.enc}</usr/local/texlive/2014/texmf-
dist/fonts/type1/public/amsfonts/cm/cmr10.pfb></usr/local/texlive/2014/texmf-di
st/fonts/type1/public/amsfonts/cm/cmsy10.pfb></usr/local/texlive/2014/texmf-dis
t/fonts/type1/public/cm-super/sfbx0700.pfb></usr/local/texlive/2014/texmf-dist/
fonts/type1/public/cm-super/sfbx1000.pfb></usr/local/texlive/2014/texmf-dist/fo
nts/type1/public/cm-super/sfbx1200.pfb></usr/local/texlive/2014/texmf-dist/font
s/type1/public/cm-super/sfbx1440.pfb></usr/local/texlive/2014/texmf-dist/fonts/
type1/public/cm-super/sfbx2074.pfb></usr/local/texlive/2014/texmf-dist/fonts/ty
pe1/public/cm-super/sfcc1200.pfb></usr/local/texlive/2014/texmf-dist/fonts/type
1/public/cm-super/sfcc1728.pfb></usr/local/texlive/2014/texmf-dist/fonts/type1/
public/cm-super/sfrm0600.pfb></usr/local/texlive/2014/texmf-dist/fonts/type1/pu
blic/cm-super/sfrm0700.pfb></usr/local/texlive/2014/texmf-dist/fonts/type1/publ
ic/cm-super/sfrm0800.pfb></usr/local/texlive/2014/texmf-dist/fonts/type1/public
/cm-super/sfrm0900.pfb></usr/local/texlive/2014/texmf-dist/fonts/type1/public/c
m-super/sfrm1000.pfb></usr/local/texlive/2014/texmf-dist/fonts/type1/public/cm-
super/sfrm1200.pfb></usr/local/texlive/2014/texmf-dist/fonts/type1/public/cm-su
per/sfrm1440.pfb></usr/local/texlive/2014/texmf-dist/fonts/type1/public/cm-supe
r/sfsl1000.pfb></usr/local/texlive/2014/texmf-dist/fonts/type1/public/cm-super/
sfti0900.pfb></usr/local/texlive/2014/texmf-dist/fonts/type1/public/cm-super/sf
ti1000.pfb></usr/local/texlive/2014/texmf-dist/fonts/type1/public/cm-super/sfti
1440.pfb>
Output written on main.pdf (34 pages, 1040405 bytes).
PDF statistics:
 238 PDF objects out of 1000 (max. 8388607)
 150 compressed objects within 2 object streams
 0 named destinations out of 1000 (max. 500000)
 86 words of extra memory for PDF output out of 10000 (max. 10000000)

