mktextfm ecrm1000
mktextfm eccc1000
mktextfm eccc1728
mktextfm eccc1200
mktextfm ecrm2074
mktextfm ecbx2074
mktextfm ecrm1440
mktextfm ecti1440
mktextfm ecbx1440
mktextfm ecbx1000
mktextfm ecrm0700
mktextfm ecrm0800
mktextfm ecrm0600
mktextfm ecsl1000
mktextfm ectt1000
mktextfm ecrm1200
mktextfm ecbx1200
mktextfm ecrm1000
mktextfm eccc1000
mktextfm eccc1728
mktextfm eccc1200
mktextfm ecrm2074
mktextfm ecbx2074
mktextfm ecrm1440
mktextfm ecti1440
mktextfm ecbx1440
mktextfm ecbx1000
mktextfm ecrm0700
mktextfm ecrm0800
mktextfm ecrm0600
mktextfm ecsl1000
mktextfm ectt1000
mktextfm ecrm1200
mktextfm ecbx1200
mktextfm ecrm1000
mktextfm eccc1000
mktextfm eccc1728
mktextfm eccc1200
mktextfm ecrm2074
mktextfm ecbx2074
mktextfm ecrm1440
mktextfm ecti1440
mktextfm ecbx1440
mktextfm ecbx1000
mktextfm ecrm0700
mktextfm ecrm0800
mktextfm ecrm0600
mktextfm ecsl1000
mktextfm ectt1000
mktextfm ecrm1200
mktextfm ecbx1200
mktextfm ecrm1000
mktextfm eccc1000
mktextfm eccc1728
mktextfm eccc1200
mktextfm ecrm2074
mktextfm ecbx2074
mktextfm ecrm1440
mktextfm ecti1440
mktextfm ecbx1440
mktextfm ecbx1000
mktextfm ecrm0700
mktextfm ecrm0800
mktextfm ecrm0600
mktextfm ecsl1000
mktextfm ectt1000
mktextfm ecrm1200
mktextfm ecbx1200
mktextfm ecrm1000
mktextfm eccc1000
mktextfm eccc1728
mktextfm eccc1200
mktextfm ecrm2074
mktextfm ecbx2074
mktextfm ecrm1440
mktextfm ecti1440
mktextfm ecbx1440
mktextfm ecbx1000
mktextfm ecrm0700
mktextfm ecrm0800
mktextfm ecrm0600
mktextfm ecsl1000
mktextfm ectt1000
mktextfm ecrm1200
mktextfm ecbx1200
mktextfm ecrm1000
mktextfm eccc1000
mktextfm eccc1728
mktextfm eccc1200
mktextfm ecrm2074
mktextfm ecbx2074
mktextfm ecrm1440
mktextfm ecti1440
mktextfm ecbx1440
mktextfm ecbx1000
mktextfm ecrm0700
mktextfm ecrm0800
mktextfm ecrm0600
mktextfm ecsl1000
mktextfm ectt1000
mktextfm ecrm1200
mktextfm ecbx1200
mktextfm ecrm1000
mktextfm eccc1000
mktextfm eccc1728
mktextfm eccc1200
mktextfm ecrm2074
mktextfm ecbx2074
mktextfm ecrm1440
mktextfm ecti1440
mktextfm ecbx1440
mktextfm ecbx1000
mktextfm ecrm0700
mktextfm ecrm0800
mktextfm ecrm0600
mktextfm ecsl1000
mktextfm ectt1000
mktextfm ecrm1200
mktextfm ecbx1200
mktextfm ecrm1000
mktextfm eccc1000
mktextfm eccc1728
mktextfm eccc1200
mktextfm ecrm2074
mktextfm ecbx2074
mktextfm ecrm1440
mktextfm ecti1440
mktextfm ecbx1440
mktextfm ecbx1000
mktextfm ecrm0700
mktextfm ecrm0800
mktextfm ecrm0600
mktextfm ecsl1000
mktextfm ectt1000
mktextfm ecrm1200
mktextfm ecbx1200
mktextfm ecrm1000
mktextfm eccc1000
mktextfm eccc1728
mktextfm eccc1200
mktextfm ecrm2074
mktextfm ecbx2074
mktextfm ecrm1440
mktextfm ecti1440
mktextfm ecbx1440
mktextfm ecbx1000
mktextfm ecrm0700
mktextfm ecrm0800
mktextfm ecrm0600
mktextfm ecsl1000
mktextfm ectt1000
mktextfm ecrm1200
mktextfm ecbx1200
mktextfm ecrm1000
mktextfm eccc1000
mktextfm eccc1728
mktextfm eccc1200
mktextfm ecrm2074
mktextfm ecbx2074
mktextfm ecrm1440
mktextfm ecti1440
mktextfm ecbx1440
mktextfm ecbx1000
mktextfm ecrm0700
mktextfm ecrm0800
mktextfm ecrm0600
mktextfm ecsl1000
mktextfm ectt1000
mktextfm ecrm1200
mktextfm ecbx1200
